root - WARNING - This will get logged to a file
root - INFO - 
############################################################################################
############################################################################################
Logging for seed: 1312312312 | 2000 users | range (4, 8) | 20 rumors
############################################################################################
root - INFO - 
User list build time for 2000 users, took 6.852181000000201 seconds
############################################################################################
root - INFO - 
Adjacency while loop for 2000 users: in 4.089158299999781 seconds
############################################################################################
root - INFO - 
Intializing dataframe for 2000 users: took 0.0008081999999376421 seconds 
############################################################################################
root - INFO - 
Intializing connections for 2000 users: took 0.8565131999998812 seconds
############################################################################################
root - INFO - 
Adjacency Matrix build time for user#: 2000, took 5.250197299999854 seconds
############################################################################################
root - INFO - 
Rest of sim initialization for 2000 users, took 3.7999998312443495e-06 seconds
############################################################################################ 
root - INFO - 
Time to initalize Simulation for 2000 users with a connection range of (4, 8): 12.10268189999988 seconds
############################################################################################
root - INFO - 
Time it took top initialize 20 rumors: 8.813650600000074 seconds
############################################################################################
root - INFO - 
Time it took to intialize rumor paths for 20 rumors: 0.04458680000016102 seconds
############################################################################################
root - WARNING - This will get logged to a file
root - INFO - 
############################################################################################
############################################################################################
Logging for seed: 1312312312 | 4000 users | range (4, 8) | 20 rumors
############################################################################################
root - INFO - 
User list build time for 4000 users, took 13.196860200000174 seconds
############################################################################################
root - INFO - 
Adjacency while loop for 4000 users: in 33.074908699999924 seconds
############################################################################################
root - INFO - 
Intializing dataframe for 4000 users: took 0.0012219999998706044 seconds 
############################################################################################
root - INFO - 
Intializing connections for 4000 users: took 3.583507300000292 seconds
############################################################################################
root - INFO - 
Adjacency Matrix build time for user#: 4000, took 37.97892910000019 seconds
############################################################################################
root - INFO - 
Rest of sim initialization for 4000 users, took 3.600000127335079e-06 seconds
############################################################################################ 
root - INFO - 
Time to initalize Simulation for 4000 users with a connection range of (4, 8): 51.17612959999997 seconds
############################################################################################
Connection range of (4,8) with 50% chance to believe rumor hits recursion depth on 4000 users
############################################################################################
root - WARNING - This will get logged to a file
root - INFO - 
############################################################################################
############################################################################################
Logging for seed: 1312312312 | 4000 users | range (2, 4) | 20 rumors
############################################################################################
root - INFO - 
User list build time for 4000 users, took 13.520389700000123 seconds
############################################################################################
root - INFO - 
Adjacency while loop for 4000 users: in 32.51206600000023 seconds
############################################################################################
root - INFO - 
Intializing dataframe for 4000 users: took 0.0011970999998993648 seconds 
############################################################################################
root - INFO - 
Intializing connections for 4000 users: took 3.4818403999997827 seconds
############################################################################################
root - INFO - 
Adjacency Matrix build time for user#: 4000, took 37.29869960000042 seconds
############################################################################################
root - INFO - 
Rest of sim initialization for 4000 users, took 3.900000137946336e-06 seconds
############################################################################################ 
root - INFO - 
Time to initalize Simulation for 4000 users with a connection range of (2, 4): 50.81941119999965 seconds
############################################################################################
root - INFO - 
Time it took top initialize 20 rumors: 3.5172136000001046 seconds
############################################################################################
root - INFO - 
Time it took to intialize rumor paths for 20 rumors: 0.018285799999830488 seconds
############################################################################################
root - WARNING - This will get logged to a file
root - INFO - 
############################################################################################
############################################################################################
Logging for seed: 1312312312 | 4000 users | range (4, 8) | 20 rumors
############################################################################################
root - INFO - 
User list build time for 4000 users, took 14.816711999999825 seconds
############################################################################################
root - INFO - 
Adjacency while loop for 4000 users: in 36.274026799999774 seconds
############################################################################################
root - INFO - 
Intializing dataframe for 4000 users: took 0.0012328000002526096 seconds 
############################################################################################
root - INFO - 
Intializing connections for 4000 users: took 3.772907900000064 seconds
############################################################################################
root - INFO - 
Adjacency Matrix build time for user#: 4000, took 41.32232160000012 seconds
############################################################################################
root - INFO - 
Rest of sim initialization for 4000 users, took 4.600000011123484e-06 seconds
############################################################################################ 
root - INFO - 
Time to initalize Simulation for 4000 users with a connection range of (4, 8): 56.13937880000003 seconds
############################################################################################
root - INFO - 
Time it took top initialize 20 rumors: 0.0002533000001676555 seconds
############################################################################################
root - INFO - 
Time it took to intialize rumor paths for 20 rumors: 0.00010999999994965037 seconds
############################################################################################
root - WARNING - This will get logged to a file
root - INFO - 
############################################################################################
############################################################################################
Logging for seed: 1312312312 | 4000 users | range (4, 8) | 20 rumors
############################################################################################
root - INFO - 
User list build time for 4000 users, took 13.902672400000029 seconds
############################################################################################
root - INFO - 
Adjacency while loop for 4000 users: in 33.121519400000125 seconds
############################################################################################
root - INFO - 
Intializing dataframe for 4000 users: took 0.0016244999997070408 seconds 
############################################################################################
root - INFO - 
Intializing connections for 4000 users: took 3.8195379000003413 seconds
############################################################################################
root - INFO - 
Adjacency Matrix build time for user#: 4000, took 38.26994960000002 seconds
############################################################################################
root - INFO - 
Rest of sim initialization for 4000 users, took 4.4000003072142135e-06 seconds
############################################################################################ 
root - INFO - 
Time to initalize Simulation for 4000 users with a connection range of (4, 8): 52.17295809999996 seconds
############################################################################################
root - INFO - 
Time it took top initialize 20 rumors: 0.0024250000001302396 seconds
############################################################################################
root - INFO - 
Time it took to intialize rumor paths for 20 rumors: 0.0002973000000565662 seconds
############################################################################################
root - WARNING - This will get logged to a file
root - INFO - 
############################################################################################
############################################################################################
Logging for seed: 1312312312 | 4000 users | range (4, 8) | 20 rumors
############################################################################################
root - INFO - 
User list build time for 4000 users, took 18.78070630000002 seconds
############################################################################################
root - WARNING - This will get logged to a file
root - INFO - 
############################################################################################
############################################################################################
Logging for seed: 1312312312 | 4000 users | range (4, 8) | 20 rumors
############################################################################################
root - INFO - 
User list build time for 4000 users, took 18.274910099999943 seconds
############################################################################################
root - WARNING - This will get logged to a file
root - INFO - 
############################################################################################
############################################################################################
Logging for seed: 1312312312 | 4000 users | range (4, 8) | 20 rumors
############################################################################################
root - INFO - 
User list build time for 4000 users, took 29.130776500000138 seconds
############################################################################################
root - WARNING - This will get logged to a file
root - INFO - 
############################################################################################
############################################################################################
Logging for seed: 1312312312 | 4000 users | range (4, 8) | 20 rumors
############################################################################################
root - INFO - 
User list build time for 4000 users, took 20.933978400000342 seconds
############################################################################################
root - INFO - 
Adjacency while loop for 4000 users: in 43.47748260000026 seconds
############################################################################################
root - INFO - 
Intializing dataframe for 4000 users: took 0.0018972999996549333 seconds 
############################################################################################
root - INFO - 
Intializing connections for 4000 users: took 4.83828000000085 seconds
############################################################################################
root - INFO - 
Adjacency Matrix build time for user#: 4000, took 50.12784459999966 seconds
############################################################################################
root - INFO - 
Rest of sim initialization for 4000 users, took 5.9000003602704965e-06 seconds
############################################################################################ 
root - INFO - 
Time to initalize Simulation for 4000 users with a connection range of (4, 8): 71.06229809999968 seconds
############################################################################################
root - INFO - 
Time it took top initialize 20 rumors: 0.003533400000378606 seconds
############################################################################################
root - INFO - 
Time it took to intialize rumor paths for 20 rumors: 0.00041420000070502283 seconds
############################################################################################
root - WARNING - This will get logged to a file
root - INFO - 
############################################################################################
############################################################################################
Logging for seed: 1312312312 | 4000 users | range (4, 8) | 20 rumors
############################################################################################
root - INFO - 
User list build time for 4000 users, took 19.65528340000037 seconds
############################################################################################
root - INFO - 
Adjacency while loop for 4000 users: in 71.91374320000068 seconds
############################################################################################
root - INFO - 
Intializing dataframe for 4000 users: took 0.0024733000000196625 seconds 
############################################################################################
root - INFO - 
Intializing connections for 4000 users: took 5.349031400000058 seconds
############################################################################################
root - INFO - 
Adjacency Matrix build time for user#: 4000, took 79.30929629999991 seconds
############################################################################################
root - INFO - 
Rest of sim initialization for 4000 users, took 6.799999937356915e-06 seconds
############################################################################################ 
root - INFO - 
Time to initalize Simulation for 4000 users with a connection range of (4, 8): 98.96501960000023 seconds
############################################################################################
root - INFO - 
Time it took top initialize 20 rumors: 0.003112899999905494 seconds
############################################################################################
root - INFO - 
Time it took to intialize rumor paths for 20 rumors: 0.0003895999998348998 seconds
############################################################################################
root - WARNING - This will get logged to a file
root - INFO - 
############################################################################################
############################################################################################
Logging for seed: 1312312312 | 4000 users | range (4, 8) | 20 rumors
############################################################################################
root - WARNING - This will get logged to a file
root - INFO - 
############################################################################################
############################################################################################
Logging for seed: 1312312312 | 4000 users | range (4, 8) | 20 rumors
############################################################################################
root - INFO - 
User list build time for 4000 users, took 20.447764600000482 seconds
############################################################################################
root - WARNING - This will get logged to a file
root - INFO - 
############################################################################################
############################################################################################
Logging for seed: 1312312312 | 1000 users | range (1, 3) | 20 rumors
############################################################################################
root - INFO - 
User list build time for 1000 users, took 6.162197600000006 seconds
############################################################################################
root - INFO - 
Adjacency while loop for 1000 users: in 16.60105339999999 seconds
############################################################################################
root - INFO - 
Intializing dataframe for 1000 users: took 0.009456700000001206 seconds 
############################################################################################
root - INFO - 
Intializing connections for 1000 users: took 1.2287133000000097 seconds
############################################################################################
root - INFO - 
Adjacency Matrix build time for user#: 1000, took 18.004003200000007 seconds
############################################################################################
root - INFO - 
Rest of sim initialization for 1000 users, took 1.190000000406144e-05 seconds
############################################################################################ 
root - INFO - 
Time to initalize Simulation for 1000 users with a connection range of (1, 3): 24.167017199999997 seconds
############################################################################################
root - INFO - 
Time it took top initialize 20 rumors: 0.0011689000000103533 seconds
############################################################################################
root - INFO - 
Time it took to intialize rumor paths for 20 rumors: 0.0007023999999944408 seconds
############################################################################################
root - WARNING - This will get logged to a file
root - INFO - 
############################################################################################
############################################################################################
Logging for seed: 1312312312 | 1000 users | range (1, 3) | 20 rumors
############################################################################################
root - INFO - 
User list build time for 1000 users, took 5.822612399999997 seconds
############################################################################################
root - INFO - 
Adjacency while loop for 1000 users: in 0.6026669999999967 seconds
############################################################################################
root - INFO - 
Intializing dataframe for 1000 users: took 0.0010915999999951964 seconds 
############################################################################################
root - INFO - 
Intializing connections for 1000 users: took 0.2850102000000163 seconds
############################################################################################
root - INFO - 
Adjacency Matrix build time for user#: 1000, took 0.9818063000000166 seconds
############################################################################################
root - INFO - 
Rest of sim initialization for 1000 users, took 7.100000004811591e-06 seconds
############################################################################################ 
root - INFO - 
Time to initalize Simulation for 1000 users with a connection range of (1, 3): 6.804922300000015 seconds
############################################################################################
root - INFO - 
Time it took top initialize 20 rumors: 0.00026830000001609733 seconds
############################################################################################
root - INFO - 
Time it took to intialize rumor paths for 20 rumors: 0.00014840000000049258 seconds
############################################################################################
root - WARNING - This will get logged to a file
root - INFO - 
############################################################################################
############################################################################################
Logging for seed: 1312312312 | 1000 users | range (3, 5) | 20 rumors
############################################################################################
root - INFO - 
User list build time for 1000 users, took 5.645099399999992 seconds
############################################################################################
root - INFO - 
Adjacency while loop for 1000 users: in 0.7480836999999951 seconds
############################################################################################
root - INFO - 
Intializing dataframe for 1000 users: took 0.001042900000015834 seconds 
############################################################################################
root - INFO - 
Intializing connections for 1000 users: took 0.30903389999997444 seconds
############################################################################################
root - INFO - 
Adjacency Matrix build time for user#: 1000, took 1.1501333999999872 seconds
############################################################################################
root - INFO - 
Rest of sim initialization for 1000 users, took 4.700000005186666e-06 seconds
############################################################################################ 
root - INFO - 
Time to initalize Simulation for 1000 users with a connection range of (3, 5): 6.7955757000000006 seconds
############################################################################################
root - INFO - 
Time it took top initialize 20 rumors: 0.00019930000001977533 seconds
############################################################################################
root - INFO - 
Time it took to intialize rumor paths for 20 rumors: 9.850000000710679e-05 seconds
############################################################################################
root - WARNING - This will get logged to a file
root - INFO - 
############################################################################################
############################################################################################
Logging for seed: 12312312 | 1000 users | range (3, 5) | 20 rumors
############################################################################################
root - INFO - 
User list build time for 1000 users, took 4.974970900000017 seconds
############################################################################################
root - INFO - 
Adjacency while loop for 1000 users: in 0.6361903000000098 seconds
############################################################################################
root - INFO - 
Intializing dataframe for 1000 users: took 0.0012799000000143224 seconds 
############################################################################################
root - INFO - 
Intializing connections for 1000 users: took 0.3728583000000185 seconds
############################################################################################
root - INFO - 
Adjacency Matrix build time for user#: 1000, took 1.121893699999987 seconds
############################################################################################
root - INFO - 
Rest of sim initialization for 1000 users, took 5.900000019209983e-06 seconds
############################################################################################ 
root - INFO - 
Time to initalize Simulation for 1000 users with a connection range of (3, 5): 6.097290900000019 seconds
############################################################################################
root - INFO - 
Time it took top initialize 20 rumors: 0.00037539999999580687 seconds
############################################################################################
root - INFO - 
Time it took to intialize rumor paths for 20 rumors: 0.00012159999999994398 seconds
############################################################################################
root - WARNING - This will get logged to a file
root - INFO - 
############################################################################################
############################################################################################
Logging for seed: 12312312 | 1000 users | range (3, 5) | 20 rumors
############################################################################################
root - INFO - 
User list build time for 1000 users, took 4.62620830000003 seconds
############################################################################################
root - INFO - 
Adjacency while loop for 1000 users: in 0.8348517000000015 seconds
############################################################################################
root - INFO - 
Intializing dataframe for 1000 users: took 0.000969200000042747 seconds 
############################################################################################
root - INFO - 
Intializing connections for 1000 users: took 0.336692400000004 seconds
############################################################################################
root - INFO - 
Adjacency Matrix build time for user#: 1000, took 1.272532300000023 seconds
############################################################################################
root - INFO - 
Rest of sim initialization for 1000 users, took 6.499999983589078e-06 seconds
############################################################################################ 
root - INFO - 
Time to initalize Simulation for 1000 users with a connection range of (3, 5): 5.8992061999999805 seconds
############################################################################################
root - INFO - 
Time it took top initialize 20 rumors: 0.0001910999999950036 seconds
############################################################################################
root - INFO - 
Time it took to intialize rumor paths for 20 rumors: 0.00016640000001189037 seconds
############################################################################################
root - WARNING - This will get logged to a file
root - INFO - 
############################################################################################
############################################################################################
Logging for seed: 12312312 | 2000 users | range (3, 5) | 20 rumors
############################################################################################
root - INFO - 
User list build time for 2000 users, took 12.149760200000003 seconds
############################################################################################
root - INFO - 
Adjacency while loop for 2000 users: in 6.80996140000002 seconds
############################################################################################
root - INFO - 
Intializing dataframe for 2000 users: took 0.0011273000000073807 seconds 
############################################################################################
root - INFO - 
Intializing connections for 2000 users: took 1.797494400000005 seconds
############################################################################################
root - INFO - 
Adjacency Matrix build time for user#: 2000, took 9.411521499999992 seconds
############################################################################################
root - INFO - 
Rest of sim initialization for 2000 users, took 6.499999983589078e-06 seconds
############################################################################################ 
root - INFO - 
Time to initalize Simulation for 2000 users with a connection range of (3, 5): 21.561898199999973 seconds
############################################################################################
root - INFO - 
Time it took top initialize 20 rumors: 0.00035429999996949846 seconds
############################################################################################
root - INFO - 
Time it took to intialize rumor paths for 20 rumors: 0.00020549999999275315 seconds
############################################################################################
root - WARNING - This will get logged to a file
root - INFO - 
############################################################################################
############################################################################################
Logging for seed: 12312312 | 3000 users | range (3, 5) | 20 rumors
############################################################################################
root - INFO - 
User list build time for 3000 users, took 15.576482499999997 seconds
############################################################################################
root - INFO - 
Adjacency while loop for 3000 users: in 22.794329300000015 seconds
############################################################################################
root - INFO - 
Intializing dataframe for 3000 users: took 0.0012062000000128137 seconds 
############################################################################################
root - INFO - 
Intializing connections for 3000 users: took 2.407161099999996 seconds
############################################################################################
root - INFO - 
Adjacency Matrix build time for user#: 3000, took 26.262044599999967 seconds
############################################################################################
root - INFO - 
Rest of sim initialization for 3000 users, took 2.0000000006348273e-05 seconds
############################################################################################ 
root - INFO - 
Time to initalize Simulation for 3000 users with a connection range of (3, 5): 41.8390364 seconds
############################################################################################
root - INFO - 
Time it took top initialize 20 rumors: 0.00022889999996777988 seconds
############################################################################################
root - INFO - 
Time it took to intialize rumor paths for 20 rumors: 0.00013320000005023758 seconds
############################################################################################
root - WARNING - This will get logged to a file
root - INFO - 
############################################################################################
############################################################################################
Logging for seed: 12312312 | 3000 users | range (3, 5) | 20 rumors
############################################################################################
root - INFO - 
User list build time for 3000 users, took 15.231342499999982 seconds
############################################################################################
root - INFO - 
Adjacency while loop for 3000 users: in 19.796619499999963 seconds
############################################################################################
root - INFO - 
Intializing dataframe for 3000 users: took 0.003311200000041481 seconds 
############################################################################################
root - INFO - 
Intializing connections for 3000 users: took 2.591417100000001 seconds
############################################################################################
root - INFO - 
Adjacency Matrix build time for user#: 3000, took 23.501350000000002 seconds
############################################################################################
root - INFO - 
Rest of sim initialization for 3000 users, took 5.500000042957254e-06 seconds
############################################################################################ 
root - INFO - 
Time to initalize Simulation for 3000 users with a connection range of (3, 5): 38.73321280000005 seconds
############################################################################################
root - INFO - 
Time it took top initialize 20 rumors: 15.303383899999972 seconds
############################################################################################
root - INFO - 
Time it took to intialize rumor paths for 20 rumors: 0.08315300000003845 seconds
############################################################################################
root - WARNING - This will get logged to a file
root - INFO - 
############################################################################################
############################################################################################
Logging for seed: 12312312 | 3000 users | range (3, 5) | 20 rumors
############################################################################################
root - INFO - 
User list build time for 3000 users, took 14.715773099999979 seconds
############################################################################################
root - INFO - 
Adjacency while loop for 3000 users: in 18.633057599999916 seconds
############################################################################################
root - INFO - 
Intializing dataframe for 3000 users: took 0.0012325000000146247 seconds 
############################################################################################
root - INFO - 
Intializing connections for 3000 users: took 2.5619096000000354 seconds
############################################################################################
root - INFO - 
Adjacency Matrix build time for user#: 3000, took 22.28625569999997 seconds
############################################################################################
root - INFO - 
Rest of sim initialization for 3000 users, took 7.200000027296483e-06 seconds
############################################################################################ 
root - INFO - 
Time to initalize Simulation for 3000 users with a connection range of (3, 5): 37.00253929999997 seconds
############################################################################################
root - INFO - 
Time it took top initialize 20 rumors: 14.449445999999966 seconds
############################################################################################
root - INFO - 
Time it took to intialize rumor paths for 20 rumors: 0.09000270000001365 seconds
############################################################################################
root - WARNING - This will get logged to a file
root - INFO - 
############################################################################################
############################################################################################
Logging for seed: 12312312 | 3000 users | range (3, 5) | 20 rumors
############################################################################################
root - INFO - 
User list build time for 3000 users, took 15.424481199999946 seconds
############################################################################################
root - INFO - 
Adjacency while loop for 3000 users: in 25.80775010000002 seconds
############################################################################################
root - INFO - 
Intializing dataframe for 3000 users: took 0.00146349999999984 seconds 
############################################################################################
root - INFO - 
Intializing connections for 3000 users: took 2.7843904000001203 seconds
############################################################################################
root - INFO - 
Adjacency Matrix build time for user#: 3000, took 29.74005430000011 seconds
############################################################################################
root - INFO - 
Rest of sim initialization for 3000 users, took 8.199999911084888e-06 seconds
############################################################################################ 
root - INFO - 
Time to initalize Simulation for 3000 users with a connection range of (3, 5): 45.16507619999993 seconds
############################################################################################
root - INFO - 
Time it took top initialize 20 rumors: 14.460748700000067 seconds
############################################################################################
root - INFO - 
Time it took to intialize rumor paths for 20 rumors: 0.06505990000005113 seconds
############################################################################################
root - WARNING - This will get logged to a file
root - INFO - 
############################################################################################
############################################################################################
Logging for seed: 12312312 | 3000 users | range (3, 5) | 20 rumors
############################################################################################
root - INFO - 
User list build time for 3000 users, took 9.611873600000308 seconds
############################################################################################
root - INFO - 
Adjacency while loop for 3000 users: in 13.082477399999789 seconds
############################################################################################
root - INFO - 
Intializing dataframe for 3000 users: took 0.005958499999906053 seconds 
############################################################################################
root - INFO - 
Intializing connections for 3000 users: took 1.982365899999877 seconds
############################################################################################
root - INFO - 
Adjacency Matrix build time for user#: 3000, took 15.808077700000013 seconds
############################################################################################
root - INFO - 
Rest of sim initialization for 3000 users, took 4.099999841855606e-06 seconds
############################################################################################ 
root - INFO - 
Time to initalize Simulation for 3000 users with a connection range of (3, 5): 25.420284200000424 seconds
############################################################################################
root - INFO - 
Time it took top initialize 20 rumors: 0.00012229999992996454 seconds
############################################################################################
root - INFO - 
Time it took to intialize rumor paths for 20 rumors: 6.810000013501849e-05 seconds
############################################################################################
root - WARNING - This will get logged to a file
root - INFO - 
############################################################################################
############################################################################################
Logging for seed: 12312312 | 3000 users | range (9, 10) | 20 rumors
############################################################################################
root - INFO - 
User list build time for 3000 users, took 9.65992499999993 seconds
############################################################################################
root - WARNING - This will get logged to a file
root - INFO - 
############################################################################################
############################################################################################
Logging for seed: 12312312 | 100 users | range (9, 10) | 20 rumors
############################################################################################
root - INFO - 
User list build time for 100 users, took 0.37911750000012034 seconds
############################################################################################
root - INFO - 
Adjacency while loop for 100 users: in 0.0044561999998222745 seconds
############################################################################################
root - INFO - 
Intializing dataframe for 100 users: took 0.0007110000001375738 seconds 
############################################################################################
root - INFO - 
Intializing connections for 100 users: took 0.0022112000001470733 seconds
############################################################################################
root - INFO - 
Adjacency Matrix build time for user#: 100, took 0.008051700000123674 seconds
############################################################################################
root - INFO - 
Rest of sim initialization for 100 users, took 3.099999958067201e-06 seconds
############################################################################################ 
root - INFO - 
Time to initalize Simulation for 100 users with a connection range of (9, 10): 0.3874092000000928 seconds
############################################################################################
root - INFO - 
Time it took top initialize 20 rumors: 0.16791390000025785 seconds
############################################################################################
root - INFO - 
Time it took to intialize rumor paths for 20 rumors: 0.006632600000102684 seconds
############################################################################################
root - WARNING - This will get logged to a file
root - INFO - 
############################################################################################
############################################################################################
Logging for seed: 12312312 | 2000 users | range (9, 10) | 20 rumors
############################################################################################
root - INFO - 
User list build time for 2000 users, took 6.163577399999667 seconds
############################################################################################
root - INFO - 
Adjacency while loop for 2000 users: in 4.297626000000037 seconds
############################################################################################
root - INFO - 
Intializing dataframe for 2000 users: took 0.0007924000001366949 seconds 
############################################################################################
root - INFO - 
Intializing connections for 2000 users: took 0.8372247000002062 seconds
############################################################################################
root - INFO - 
Adjacency Matrix build time for user#: 2000, took 5.446008500000062 seconds
############################################################################################
root - INFO - 
Rest of sim initialization for 2000 users, took 3.600000127335079e-06 seconds
############################################################################################ 
root - INFO - 
Time to initalize Simulation for 2000 users with a connection range of (9, 10): 11.609880099999828 seconds
############################################################################################
root - INFO - 
Time it took top initialize 20 rumors: 40.07223419999991 seconds
############################################################################################
root - INFO - 
Time it took to intialize rumor paths for 20 rumors: 0.123458699999901 seconds
############################################################################################
root - WARNING - This will get logged to a file
root - INFO - 
############################################################################################
############################################################################################
Logging for seed: 12312312 | 2000 users | range (9, 10) | 20 rumors
############################################################################################
root - INFO - 
User list build time for 2000 users, took 5.874579799999992 seconds
############################################################################################
root - INFO - 
Adjacency while loop for 2000 users: in 4.283546499999829 seconds
############################################################################################
root - INFO - 
Intializing dataframe for 2000 users: took 0.000793200000316574 seconds 
############################################################################################
root - INFO - 
Intializing connections for 2000 users: took 0.7818633000001682 seconds
############################################################################################
root - INFO - 
Adjacency Matrix build time for user#: 2000, took 5.357538599999771 seconds
############################################################################################
root - INFO - 
Rest of sim initialization for 2000 users, took 4.600000011123484e-06 seconds
############################################################################################ 
root - INFO - 
Time to initalize Simulation for 2000 users with a connection range of (9, 10): 11.23246670000026 seconds
############################################################################################
root - INFO - 
Time it took top initialize 20 rumors: 36.89883869999994 seconds
############################################################################################
root - WARNING - This will get logged to a file
root - INFO - 
############################################################################################
############################################################################################
Logging for seed: 12312312 | 2000 users | range (9, 10) | 20 rumors
############################################################################################
root - INFO - 
User list build time for 2000 users, took 6.073545299999751 seconds
############################################################################################
root - INFO - 
Adjacency while loop for 2000 users: in 4.315778699999555 seconds
############################################################################################
root - INFO - 
Intializing dataframe for 2000 users: took 0.0007446999998137471 seconds 
############################################################################################
root - INFO - 
Intializing connections for 2000 users: took 0.8120189000001119 seconds
############################################################################################
root - INFO - 
Adjacency Matrix build time for user#: 2000, took 5.431041900000309 seconds
############################################################################################
root - INFO - 
Rest of sim initialization for 2000 users, took 3.6999999792897142e-06 seconds
############################################################################################ 
root - INFO - 
Time to initalize Simulation for 2000 users with a connection range of (9, 10): 11.504871600000115 seconds
############################################################################################
root - INFO - 
Time it took top initialize 20 rumors: 36.574099399999795 seconds
############################################################################################
root - INFO - 
Time it took to intialize rumor paths for 20 rumors: 0.11617280000018582 seconds
############################################################################################
root - WARNING - This will get logged to a file
root - INFO - 
############################################################################################
############################################################################################
Logging for seed: 12312312 | 2000 users | range (9, 10) | 20 rumors
############################################################################################
root - INFO - 
User list build time for 2000 users, took 6.042793900000106 seconds
############################################################################################
root - INFO - 
Adjacency while loop for 2000 users: in 4.314073099999405 seconds
############################################################################################
root - INFO - 
Intializing dataframe for 2000 users: took 0.000808599999800208 seconds 
############################################################################################
root - INFO - 
Intializing connections for 2000 users: took 1.2100252000000182 seconds
############################################################################################
root - INFO - 
Adjacency Matrix build time for user#: 2000, took 5.9539912999998705 seconds
############################################################################################
root - INFO - 
Rest of sim initialization for 2000 users, took 8.199999683711212e-06 seconds
############################################################################################ 
root - INFO - 
Time to initalize Simulation for 2000 users with a connection range of (9, 10): 11.998439599999983 seconds
############################################################################################
root - INFO - 
Time it took top initialize 20 rumors: 39.394896300000255 seconds
############################################################################################
root - INFO - 
Time it took to intialize rumor paths for 20 rumors: 0.11731169999984559 seconds
############################################################################################
root - WARNING - This will get logged to a file
root - INFO - 
############################################################################################
############################################################################################
Logging for seed: 12312312 | 2000 users | range (9, 10) | 20 rumors
############################################################################################
root - INFO - 
User list build time for 2000 users, took 9.278608899999199 seconds
############################################################################################
root - INFO - 
Adjacency while loop for 2000 users: in 5.2786372999999 seconds
############################################################################################
root - INFO - 
Intializing dataframe for 2000 users: took 0.0009178999998766812 seconds 
############################################################################################
root - INFO - 
Intializing connections for 2000 users: took 0.8572492999992392 seconds
############################################################################################
root - INFO - 
Adjacency Matrix build time for user#: 2000, took 6.940965699999651 seconds
############################################################################################
root - INFO - 
Rest of sim initialization for 2000 users, took 4.499999704421498e-06 seconds
############################################################################################ 
root - INFO - 
Time to initalize Simulation for 2000 users with a connection range of (9, 10): 16.219930600000225 seconds
############################################################################################
root - INFO - 
Time it took top initialize 20 rumors: 41.4400413000003 seconds
############################################################################################
root - INFO - 
Time it took to intialize rumor paths for 20 rumors: 0.13947279999956663 seconds
############################################################################################
